<?xml version="1.0" encoding="UTF-8"?>
<testsuite name="org.generation.WebProject.WebProjectApplicationTests" tests="1" skipped="0" failures="0" errors="0" timestamp="2022-06-13T06:52:12" hostname="SH-LT-18" time="0.432">
  <properties/>
  <testcase name="contextLoads()" classname="org.generation.WebProject.WebProjectApplicationTests" time="0.432"/>
  <system-out><![CDATA[14:52:00.025 [Test worker] DEBUG org.springframework.test.context.BootstrapUtils - Instantiating CacheAwareContextLoaderDelegate from class [org.springframework.test.context.cache.DefaultCacheAwareContextLoaderDelegate]
14:52:00.049 [Test worker] DEBUG org.springframework.test.context.BootstrapUtils - Instantiating BootstrapContext using constructor [public org.springframework.test.context.support.DefaultBootstrapContext(java.lang.Class,org.springframework.test.context.CacheAwareContextLoaderDelegate)]
14:52:00.128 [Test worker] DEBUG org.springframework.test.context.BootstrapUtils - Instantiating TestContextBootstrapper for test class [org.generation.WebProject.WebProjectApplicationTests] from class [org.springframework.boot.test.context.SpringBootTestContextBootstrapper]
14:52:00.148 [Test worker] INFO org.springframework.boot.test.context.SpringBootTestContextBootstrapper - Neither @ContextConfiguration nor @ContextHierarchy found for test class [org.generation.WebProject.WebProjectApplicationTests], using SpringBootContextLoader
14:52:00.155 [Test worker] DEBUG org.springframework.test.context.support.AbstractContextLoader - Did not detect default resource location for test class [org.generation.WebProject.WebProjectApplicationTests]: class path resource [org/generation/WebProject/WebProjectApplicationTests-context.xml] does not exist
14:52:00.157 [Test worker] DEBUG org.springframework.test.context.support.AbstractContextLoader - Did not detect default resource location for test class [org.generation.WebProject.WebProjectApplicationTests]: class path resource [org/generation/WebProject/WebProjectApplicationTestsContext.groovy] does not exist
14:52:00.157 [Test worker] INFO org.springframework.test.context.support.AbstractContextLoader - Could not detect default resource locations for test class [org.generation.WebProject.WebProjectApplicationTests]: no resource found for suffixes {-context.xml, Context.groovy}.
14:52:00.157 [Test worker] INFO org.springframework.test.context.support.AnnotationConfigContextLoaderUtils - Could not detect default configuration classes for test class [org.generation.WebProject.WebProjectApplicationTests]: WebProjectApplicationTests does not declare any static, non-private, non-final, nested classes annotated with @Configuration.
14:52:00.238 [Test worker] DEBUG org.springframework.test.context.support.ActiveProfilesUtils - Could not find an 'annotation declaring class' for annotation type [org.springframework.test.context.ActiveProfiles] and class [org.generation.WebProject.WebProjectApplicationTests]
14:52:00.368 [Test worker] DEBUG org.springframework.context.annotation.ClassPathScanningCandidateComponentProvider - Identified candidate component class: file [C:\Users\desmond\Desktop\WebProject\WebProject\build\classes\java\main\org\generation\WebProject\WebProjectApplication.class]
14:52:00.371 [Test worker] INFO org.springframework.boot.test.context.SpringBootTestContextBootstrapper - Found @SpringBootConfiguration org.generation.WebProject.WebProjectApplication for test class org.generation.WebProject.WebProjectApplicationTests
14:52:00.591 [Test worker] DEBUG org.springframework.boot.test.context.SpringBootTestContextBootstrapper - @TestExecutionListeners is not present for class [org.generation.WebProject.WebProjectApplicationTests]: using defaults.
14:52:00.594 [Test worker] INFO org.springframework.boot.test.context.SpringBootTestContextBootstrapper - Loaded default TestExecutionListener class names from location [META-INF/spring.factories]: [org.springframework.boot.test.autoconfigure.restdocs.RestDocsTestExecutionListener, org.springframework.boot.test.autoconfigure.web.client.MockRestServiceServerResetTestExecutionListener, org.springframework.boot.test.autoconfigure.web.servlet.MockMvcPrintOnlyOnFailureTestExecutionListener, org.springframework.boot.test.autoconfigure.web.servlet.WebDriverTestExecutionListener, org.springframework.boot.test.autoconfigure.webservices.client.MockWebServiceServerTestExecutionListener, org.springframework.boot.test.mock.mockito.MockitoTestExecutionListener, org.springframework.boot.test.mock.mockito.ResetMocksTestExecutionListener, org.springframework.test.context.web.ServletTestExecutionListener, org.springframework.test.context.support.DirtiesContextBeforeModesTestExecutionListener, org.springframework.test.context.event.ApplicationEventsTestExecutionListener, org.springframework.test.context.support.DependencyInjectionTestExecutionListener, org.springframework.test.context.support.DirtiesContextTestExecutionListener, org.springframework.test.context.transaction.TransactionalTestExecutionListener, org.springframework.test.context.jdbc.SqlScriptsTestExecutionListener, org.springframework.test.context.event.EventPublishingTestExecutionListener]
14:52:00.644 [Test worker] INFO org.springframework.boot.test.context.SpringBootTestContextBootstrapper - Using TestExecutionListeners: [org.springframework.test.context.web.ServletTestExecutionListener@4e517165, org.springframework.test.context.support.DirtiesContextBeforeModesTestExecutionListener@44e3760b, org.springframework.test.context.event.ApplicationEventsTestExecutionListener@6a66a204, org.springframework.boot.test.mock.mockito.MockitoTestExecutionListener@5860f3d7, org.springframework.boot.test.autoconfigure.SpringBootDependencyInjectionTestExecutionListener@1d7f7be7, org.springframework.test.context.support.DirtiesContextTestExecutionListener@42f3156d, org.springframework.test.context.transaction.TransactionalTestExecutionListener@1ddae9b5, org.springframework.test.context.jdbc.SqlScriptsTestExecutionListener@427b5f92, org.springframework.test.context.event.EventPublishingTestExecutionListener@24bdb479, org.springframework.boot.test.autoconfigure.restdocs.RestDocsTestExecutionListener@7e3f95fe, org.springframework.boot.test.autoconfigure.web.client.MockRestServiceServerResetTestExecutionListener@34625ccd, org.springframework.boot.test.autoconfigure.web.servlet.MockMvcPrintOnlyOnFailureTestExecutionListener@2c7d121c, org.springframework.boot.test.autoconfigure.web.servlet.WebDriverTestExecutionListener@65aa6596, org.springframework.boot.test.autoconfigure.webservices.client.MockWebServiceServerTestExecutionListener@67389cb8, org.springframework.boot.test.mock.mockito.ResetMocksTestExecutionListener@419a20a6]
14:52:00.651 [Test worker] DEBUG org.springframework.test.context.support.AbstractDirtiesContextTestExecutionListener - Before test class: context [DefaultTestContext@1cd201a8 testClass = WebProjectApplicationTests, testInstance = [null], testMethod = [null], testException = [null], mergedContextConfiguration = [WebMergedContextConfiguration@7db82169 testClass = WebProjectApplicationTests, locations = '{}', classes = '{class org.generation.WebProject.WebProjectApplication}', contextInitializerClasses = '[]', activeProfiles = '{}', propertySourceLocations = '{}', propertySourceProperties = '{org.springframework.boot.test.context.SpringBootTestContextBootstrapper=true}', contextCustomizers = set[org.springframework.boot.test.autoconfigure.actuate.metrics.MetricsExportContextCustomizerFactory$DisableMetricExportContextCustomizer@42b02722, org.springframework.boot.test.autoconfigure.properties.PropertyMappingContextCustomizer@0, org.springframework.boot.test.autoconfigure.web.servlet.WebDriverContextCustomizerFactory$Customizer@2f16c6b3, org.springframework.boot.test.context.filter.ExcludeFilterContextCustomizer@53941c2f, org.springframework.boot.test.json.DuplicateJsonObjectContextCustomizerFactory$DuplicateJsonObjectContextCustomizer@65a15628, org.springframework.boot.test.mock.mockito.MockitoContextCustomizer@0, org.springframework.boot.test.web.client.TestRestTemplateContextCustomizer@ee86bcb, org.springframework.boot.test.context.SpringBootTestArgs@1, org.springframework.boot.test.context.SpringBootTestWebEnvironment@29e495ff], resourceBasePath = 'src/main/webapp', contextLoader = 'org.springframework.boot.test.context.SpringBootContextLoader', parent = [null]], attributes = map['org.springframework.test.context.web.ServletTestExecutionListener.activateListener' -> true]], class annotated with @DirtiesContext [false] with mode [null].

  .   ____          _            __ _ _
 /\\ / ___'_ __ _ _(_)_ __  __ _ \ \ \ \
( ( )\___ | '_ | '_| | '_ \/ _` | \ \ \ \
 \\/  ___)| |_)| | | | | || (_| |  ) ) ) )
  '  |____| .__|_| |_|_| |_\__, | / / / /
 =========|_|==============|___/=/_/_/_/
 :: Spring Boot ::                (v2.7.0)

2022-06-13 14:52:01.468  INFO 100300 --- [    Test worker] o.g.W.WebProjectApplicationTests         : Starting WebProjectApplicationTests using Java 18.0.1.1 on SH-LT-18 with PID 100300 (started by desmond in C:\Users\desmond\Desktop\WebProject\WebProject)
2022-06-13 14:52:01.471  INFO 100300 --- [    Test worker] o.g.W.WebProjectApplicationTests         : No active profile set, falling back to 1 default profile: "default"
2022-06-13 14:52:03.156  INFO 100300 --- [    Test worker] .s.d.r.c.RepositoryConfigurationDelegate : Bootstrapping Spring Data JPA repositories in DEFAULT mode.
2022-06-13 14:52:03.267  INFO 100300 --- [    Test worker] .s.d.r.c.RepositoryConfigurationDelegate : Finished Spring Data repository scanning in 89 ms. Found 1 JPA repository interfaces.
2022-06-13 14:52:04.661  INFO 100300 --- [    Test worker] com.zaxxer.hikari.HikariDataSource       : HikariPool-1 - Starting...
2022-06-13 14:52:05.564  INFO 100300 --- [    Test worker] com.zaxxer.hikari.HikariDataSource       : HikariPool-1 - Start completed.
2022-06-13 14:52:05.780  INFO 100300 --- [    Test worker] o.hibernate.jpa.internal.util.LogHelper  : HHH000204: Processing PersistenceUnitInfo [name: default]
2022-06-13 14:52:06.025  INFO 100300 --- [    Test worker] org.hibernate.Version                    : HHH000412: Hibernate ORM core version 5.6.9.Final
2022-06-13 14:52:06.658  INFO 100300 --- [    Test worker] o.hibernate.annotations.common.Version   : HCANN000001: Hibernate Commons Annotations {5.1.2.Final}
2022-06-13 14:52:07.059  INFO 100300 --- [    Test worker] org.hibernate.dialect.Dialect            : HHH000400: Using dialect: org.hibernate.dialect.MySQL8Dialect
2022-06-13 14:52:08.360  INFO 100300 --- [    Test worker] o.h.e.t.j.p.i.JtaPlatformInitiator       : HHH000490: Using JtaPlatform implementation: [org.hibernate.engine.transaction.jta.platform.internal.NoJtaPlatform]
2022-06-13 14:52:08.383  INFO 100300 --- [    Test worker] j.LocalContainerEntityManagerFactoryBean : Initialized JPA EntityManagerFactory for persistence unit 'default'
2022-06-13 14:52:09.811  INFO 100300 --- [    Test worker] o.s.s.web.DefaultSecurityFilterChain     : Will secure any request with [org.springframework.security.web.session.DisableEncodeUrlFilter@31cd0efa, org.springframework.security.web.context.request.async.WebAsyncManagerIntegrationFilter@3294102e, org.springframework.security.web.context.SecurityContextPersistenceFilter@64fba3e6, org.springframework.security.web.header.HeaderWriterFilter@10508ba6, org.springframework.security.web.authentication.logout.LogoutFilter@6e225c34, org.springframework.security.web.authentication.UsernamePasswordAuthenticationFilter@220f6a3c, org.springframework.security.web.savedrequest.RequestCacheAwareFilter@495f7ca4, org.springframework.security.web.servletapi.SecurityContextHolderAwareRequestFilter@141234df, org.springframework.security.web.authentication.AnonymousAuthenticationFilter@5a69b3cf, org.springframework.security.web.session.SessionManagementFilter@57ab4b33, org.springframework.security.web.access.ExceptionTranslationFilter@5af641d3, org.springframework.security.web.access.intercept.FilterSecurityInterceptor@768e40af]
2022-06-13 14:52:10.343  WARN 100300 --- [    Test worker] JpaBaseConfiguration$JpaWebConfiguration : spring.jpa.open-in-view is enabled by default. Therefore, database queries may be performed during view rendering. Explicitly configure spring.jpa.open-in-view to disable this warning
2022-06-13 14:52:11.054  INFO 100300 --- [    Test worker] o.s.b.a.w.s.WelcomePageHandlerMapping    : Adding welcome page template: index
2022-06-13 14:52:12.042  INFO 100300 --- [    Test worker] o.g.W.WebProjectApplicationTests         : Started WebProjectApplicationTests in 11.293 seconds (JVM running for 14.09)
]]></system-out>
  <system-err><![CDATA[]]></system-err>
</testsuite>
